<?xml version="1.0" encoding="UTF-8"?>
<testsuite name="com.kodilla.stream.array.ArrayOperationsTestSuite" tests="1" skipped="0" failures="0" errors="0" timestamp="2019-08-14T10:46:32" hostname="Natalia" time="0.048">
  <properties/>
  <testcase name="testGetAverage" classname="com.kodilla.stream.array.ArrayOperationsTestSuite" time="0.048"/>
  <system-out><![CDATA[number: 1
number: 1
number: 1
number: 1
number: 1
number: 1
number: 1
number: 1
number: 1
number: 1
number: 11
number: 11
number: 11
number: 11
number: 11
number: 11
number: 11
number: 11
number: 11
number: 11
Result equals: 6.0
]]></system-out>
  <system-err><![CDATA[]]></system-err>
</testsuite>
