<?xml version="1.0" encoding="UTF-8"?>
<testsuite name="com.kodilla.stream.sand.SandStorageTestSuite" tests="2" skipped="0" failures="0" errors="0" timestamp="2019-08-14T10:46:33" hostname="Natalia" time="0.016">
  <properties/>
  <testcase name="testGetSandBeansQuantity" classname="com.kodilla.stream.sand.SandStorageTestSuite" time="0.011"/>
  <testcase name="testGetSandBeansQuantityWithReduce" classname="com.kodilla.stream.sand.SandStorageTestSuite" time="0.004"/>
  <system-out><![CDATA[]]></system-out>
  <system-err><![CDATA[]]></system-err>
</testsuite>
